# JRE version: Java(TM) SE Runtime Environment (7.0_80-b15) (build 1.7.0_80-b15)
# Java VM: Java HotSpot(TM) 64-Bit Server VM (24.80-b11 mixed mode windows-amd64 compressed oops)
Heap
 PSYoungGen      total 625664K, used 9604K [0x00000007d5d00000, 0x00000007ffb80000, 0x0000000800000000)
  eden space 564224K, 1% used [0x00000007d5d00000,0x00000007d66613b0,0x00000007f8400000)
  from space 61440K, 0% used [0x00000007f8400000,0x00000007f8400000,0x00000007fc000000)
  to   space 59904K, 0% used [0x00000007fc100000,0x00000007fc100000,0x00000007ffb80000)
 ParOldGen       total 569856K, used 46925K [0x0000000781800000, 0x00000007a4480000, 0x00000007d5d00000)
  object space 569856K, 8% used [0x0000000781800000,0x00000007845d3650,0x00000007a4480000)
 PSPermGen       total 83968K, used 83959K [0x000000077c600000, 0x0000000781800000, 0x0000000781800000)
  object space 83968K, 99% used [0x000000077c600000,0x00000007817fdc70,0x0000000781800000)
GC Heap History (10 events):
Event: 293.098 GC heap before
{Heap before GC invocations=27 (full 6):
 PSYoungGen      total 563200K, used 128K [0x00000007d5d00000, 0x00000007ffd80000, 0x0000000800000000)
  eden space 562688K, 0% used [0x00000007d5d00000,0x00000007d5d00000,0x00000007f8280000)
  from space 512K, 25% used [0x00000007f8280000,0x00000007f82a0000,0x00000007f8300000)
  to   space 62976K, 0% used [0x00000007fc000000,0x00000007fc000000,0x00000007ffd80000)
 ParOldGen       total 278528K, used 46911K [0x0000000781800000, 0x0000000792800000, 0x00000007d5d00000)
  object space 278528K, 16% used [0x0000000781800000,0x00000007845cfc10,0x0000000792800000)
 PSPermGen       total 83968K, used 83967K [0x000000077c600000, 0x0000000781800000, 0x0000000781800000)
  object space 83968K, 99% used [0x000000077c600000,0x00000007817fffc0,0x0000000781800000)
Event: 293.328 GC heap after
Heap after GC invocations=27 (full 6):
 PSYoungGen      total 563200K, used 0K [0x00000007d5d00000, 0x00000007ffd80000, 0x0000000800000000)
  eden space 562688K, 0% used [0x00000007d5d00000,0x00000007d5d00000,0x00000007f8280000)
  from space 512K, 0% used [0x00000007f8280000,0x00000007f8280000,0x00000007f8300000)
  to   space 62976K, 0% used [0x00000007fc000000,0x00000007fc000000,0x00000007ffd80000)
 ParOldGen       total 364032K, used 46925K [0x0000000781800000, 0x0000000797b80000, 0x00000007d5d00000)
  object space 364032K, 12% used [0x0000000781800000,0x00000007845d36c8,0x0000000797b80000)
 PSPermGen       total 83968K, used 83967K [0x000000077c600000, 0x0000000781800000, 0x0000000781800000)
  object space 83968K, 99% used [0x000000077c600000,0x00000007817fffc0,0x0000000781800000)
}
Event: 293.328 GC heap before
{Heap before GC invocations=28 (full 6):
 PSYoungGen      total 563200K, used 0K [0x00000007d5d00000, 0x00000007ffd80000, 0x0000000800000000)
  eden space 562688K, 0% used [0x00000007d5d00000,0x00000007d5d00000,0x00000007f8280000)
  from space 512K, 0% used [0x00000007f8280000,0x00000007f8280000,0x00000007f8300000)
  to   space 62976K, 0% used [0x00000007fc000000,0x00000007fc000000,0x00000007ffd80000)
 ParOldGen       total 364032K, used 46925K [0x0000000781800000, 0x0000000797b80000, 0x00000007d5d00000)
  object space 364032K, 12% used [0x0000000781800000,0x00000007845d36c8,0x0000000797b80000)
 PSPermGen       total 83968K, used 83967K [0x000000077c600000, 0x0000000781800000, 0x0000000781800000)
  object space 83968K, 99% used [0x000000077c600000,0x00000007817fffc0,0x0000000781800000)
Event: 293.333 GC heap after
Heap after GC invocations=28 (full 6):
 PSYoungGen      total 627200K, used 0K [0x00000007d5d00000, 0x00000007fff80000, 0x0000000800000000)
  eden space 564224K, 0% used [0x00000007d5d00000,0x00000007d5d00000,0x00000007f8400000)
  from space 62976K, 0% used [0x00000007fc000000,0x00000007fc000000,0x00000007ffd80000)
  to   space 61440K, 0% used [0x00000007f8400000,0x00000007f8400000,0x00000007fc000000)
 ParOldGen       total 364032K, used 46925K [0x0000000781800000, 0x0000000797b80000, 0x00000007d5d00000)
  object space 364032K, 12% used [0x0000000781800000,0x00000007845d36c8,0x0000000797b80000)
 PSPermGen       total 83968K, used 83967K [0x000000077c600000, 0x0000000781800000, 0x0000000781800000)
  object space 83968K, 99% used [0x000000077c600000,0x00000007817fffc0,0x0000000781800000)
}
Event: 293.333 GC heap before
{Heap before GC invocations=29 (full 7):
 PSYoungGen      total 627200K, used 0K [0x00000007d5d00000, 0x00000007fff80000, 0x0000000800000000)
  eden space 564224K, 0% used [0x00000007d5d00000,0x00000007d5d00000,0x00000007f8400000)
  from space 62976K, 0% used [0x00000007fc000000,0x00000007fc000000,0x00000007ffd80000)
  to   space 61440K, 0% used [0x00000007f8400000,0x00000007f8400000,0x00000007fc000000)
 ParOldGen       total 364032K, used 46925K [0x0000000781800000, 0x0000000797b80000, 0x00000007d5d00000)
  object space 364032K, 12% used [0x0000000781800000,0x00000007845d36c8,0x0000000797b80000)
 PSPermGen       total 83968K, used 83967K [0x000000077c600000, 0x0000000781800000, 0x0000000781800000)
  object space 83968K, 99% used [0x000000077c600000,0x00000007817fffc0,0x0000000781800000)
Event: 293.524 GC heap after
Heap after GC invocations=29 (full 7):
 PSYoungGen      total 627200K, used 0K [0x00000007d5d00000, 0x00000007fff80000, 0x0000000800000000)
  eden space 564224K, 0% used [0x00000007d5d00000,0x00000007d5d00000,0x00000007f8400000)
  from space 62976K, 0% used [0x00000007fc000000,0x00000007fc000000,0x00000007ffd80000)
  to   space 61440K, 0% used [0x00000007f8400000,0x00000007f8400000,0x00000007fc000000)
 ParOldGen       total 454144K, used 46925K [0x0000000781800000, 0x000000079d380000, 0x00000007d5d00000)
  object space 454144K, 10% used [0x0000000781800000,0x00000007845d3650,0x000000079d380000)
 PSPermGen       total 83968K, used 83967K [0x000000077c600000, 0x0000000781800000, 0x0000000781800000)
  object space 83968K, 99% used [0x000000077c600000,0x00000007817fffc0,0x0000000781800000)
}
Event: 293.525 GC heap before
{Heap before GC invocations=30 (full 7):
 PSYoungGen      total 627200K, used 7683K [0x00000007d5d00000, 0x00000007fff80000, 0x0000000800000000)
  eden space 564224K, 1% used [0x00000007d5d00000,0x00000007d6480fc0,0x00000007f8400000)
  from space 62976K, 0% used [0x00000007fc000000,0x00000007fc000000,0x00000007ffd80000)
  to   space 61440K, 0% used [0x00000007f8400000,0x00000007f8400000,0x00000007fc000000)
 ParOldGen       total 454144K, used 46925K [0x0000000781800000, 0x000000079d380000, 0x00000007d5d00000)
  object space 454144K, 10% used [0x0000000781800000,0x00000007845d3650,0x000000079d380000)
 PSPermGen       total 83968K, used 83967K [0x000000077c600000, 0x0000000781800000, 0x0000000781800000)
  object space 83968K, 99% used [0x000000077c600000,0x00000007817fffc0,0x0000000781800000)
Event: 293.530 GC heap after
Heap after GC invocations=30 (full 7):
 PSYoungGen      total 625664K, used 0K [0x00000007d5d00000, 0x00000007ffb80000, 0x0000000800000000)
  eden space 564224K, 0% used [0x00000007d5d00000,0x00000007d5d00000,0x00000007f8400000)
  from space 61440K, 0% used [0x00000007f8400000,0x00000007f8400000,0x00000007fc000000)
  to   space 59904K, 0% used [0x00000007fc100000,0x00000007fc100000,0x00000007ffb80000)
 ParOldGen       total 454144K, used 46925K [0x0000000781800000, 0x000000079d380000, 0x00000007d5d00000)
  object space 454144K, 10% used [0x0000000781800000,0x00000007845d3650,0x000000079d380000)
 PSPermGen       total 83968K, used 83967K [0x000000077c600000, 0x0000000781800000, 0x0000000781800000)
  object space 83968K, 99% used [0x000000077c600000,0x00000007817fffc0,0x0000000781800000)
}
Event: 293.530 GC heap before
{Heap before GC invocations=31 (full 8):
 PSYoungGen      total 625664K, used 0K [0x00000007d5d00000, 0x00000007ffb80000, 0x0000000800000000)
  eden space 564224K, 0% used [0x00000007d5d00000,0x00000007d5d00000,0x00000007f8400000)
  from space 61440K, 0% used [0x00000007f8400000,0x00000007f8400000,0x00000007fc000000)
  to   space 59904K, 0% used [0x00000007fc100000,0x00000007fc100000,0x00000007ffb80000)
 ParOldGen       total 454144K, used 46925K [0x0000000781800000, 0x000000079d380000, 0x00000007d5d00000)
  object space 454144K, 10% used [0x0000000781800000,0x00000007845d3650,0x000000079d380000)
 PSPermGen       total 83968K, used 83967K [0x000000077c600000, 0x0000000781800000, 0x0000000781800000)
  object space 83968K, 99% used [0x000000077c600000,0x00000007817fffc0,0x0000000781800000)
Event: 293.740 GC heap after
Heap after GC invocations=31 (full 8):
 PSYoungGen      total 625664K, used 0K [0x00000007d5d00000, 0x00000007ffb80000, 0x0000000800000000)
  eden space 564224K, 0% used [0x00000007d5d00000,0x00000007d5d00000,0x00000007f8400000)
  from space 61440K, 0% used [0x00000007f8400000,0x00000007f8400000,0x00000007fc000000)
  to   space 59904K, 0% used [0x00000007fc100000,0x00000007fc100000,0x00000007ffb80000)
 ParOldGen       total 569856K, used 46925K [0x0000000781800000, 0x00000007a4480000, 0x00000007d5d00000)
  object space 569856K, 8% used [0x0000000781800000,0x00000007845d3650,0x00000007a4480000)
 PSPermGen       total 83968K, used 83958K [0x000000077c600000, 0x0000000781800000, 0x0000000781800000)
  object space 83968K, 99% used [0x000000077c600000,0x00000007817fdb88,0x0000000781800000)
}

